INFO:  latexindent version 3.15, 2022-01-21, a script to indent .tex files
       latexindent lives here: /usr/share/texlive/texmf-dist/scripts/latexindent/
       Mon Oct  6 14:32:33 2025
       Filename: /home/yorit/study/325_ee_practice/1_source/__latexindent_temp_1_power_supply_1.tex
INFO:  Processing switches:
       -m|--modifylinebreaks: modify line breaks
       -g|--logfile: logfile name
       -c|--cruft: cruft directory
       -r|--replacement: replacement mode
INFO:  Directory for backup files and /home/yorit/study/325_ee_practice/1_source//1_power_supply_1-indent.log: /home/yorit/study/325_ee_practice/1_source/
INFO:  YAML settings read: defaultSettings.yaml
       Reading defaultSettings.yaml from /usr/share/texlive/texmf-dist/scripts/latexindent/defaultSettings.yaml
INFO:  YAML settings read: indentconfig.yaml or .indentconfig.yaml
       Reading path information from /home/yorit/.indentconfig.yaml
       (Alternatively /home/yorit/indentconfig.yaml can be used)
       ---
       paths:
         - /home/yorit/tech/LaTeX/.latexindent.yaml

INFO:  YAML settings, reading from the following files:
WARN:  /home/yorit/indentconfig.yaml
       specifies /home/yorit/tech/LaTeX/.latexindent.yaml but this file does not exist - unable to read settings from this file
INFO:  Phase 1: searching for objects
INFO:  Phase 2: finding surrounding indentation
INFO:  Phase 3: indenting objects
INFO:  Phase 4: final indentation check
INFO:  Output routine:
       Not outputting to file; see -w and -o switches for more options.
       --------------
INFO:  Please direct all communication/issues to:
        https://github.com/cmhughes/latexindent.pl
